{"C:\\Users\\Dylan\\OneDrive\\Documenten\\Academiejaar 21-22\\Web Services\\webservises2ezit\\config\\custom-environment-variables.js": {"path":"C:\\Users\\Dylan\\OneDrive\\Documenten\\Academiejaar 21-22\\Web Services\\webservises2ezit\\config\\custom-environment-variables.js","statementMap":{"0":{"start":{"line":1,"column":0},"end":{"line":9,"column":1}}},"fnMap":{},"branchMap":{},"s":{"0":1},"f":{},"b":{},"_coverageSchema":"1a1c01bbd47fc00a2c39e90264f33305004495a9","hash":"ef39d9c3a9cac9c1e2b945425391c00e32204c23"}
,"C:\\Users\\Dylan\\OneDrive\\Documenten\\Academiejaar 21-22\\Web Services\\webservises2ezit\\config\\default.js": {"path":"C:\\Users\\Dylan\\OneDrive\\Documenten\\Academiejaar 21-22\\Web Services\\webservises2ezit\\config\\default.js","statementMap":{"0":{"start":{"line":1,"column":0},"end":{"line":4,"column":2}}},"fnMap":{},"branchMap":{},"s":{"0":1},"f":{},"b":{},"_coverageSchema":"1a1c01bbd47fc00a2c39e90264f33305004495a9","hash":"43944bc497c451c407d3390f6cdb510b3c4f92e5"}
,"C:\\Users\\Dylan\\OneDrive\\Documenten\\Academiejaar 21-22\\Web Services\\webservises2ezit\\config\\test.js": {"path":"C:\\Users\\Dylan\\OneDrive\\Documenten\\Academiejaar 21-22\\Web Services\\webservises2ezit\\config\\test.js","statementMap":{"0":{"start":{"line":1,"column":0},"end":{"line":18,"column":2}}},"fnMap":{},"branchMap":{},"s":{"0":1},"f":{},"b":{},"_coverageSchema":"1a1c01bbd47fc00a2c39e90264f33305004495a9","hash":"78eb278058a549003f4e89a912fe439de25bbb01"}
,"C:\\Users\\Dylan\\OneDrive\\Documenten\\Academiejaar 21-22\\Web Services\\webservises2ezit\\src\\createServer.js": {"path":"C:\\Users\\Dylan\\OneDrive\\Documenten\\Academiejaar 21-22\\Web Services\\webservises2ezit\\src\\createServer.js","statementMap":{"0":{"start":{"line":1,"column":15},"end":{"line":1,"column":32}},"1":{"start":{"line":2,"column":12},"end":{"line":2,"column":26}},"2":{"start":{"line":3,"column":19},"end":{"line":3,"column":44}},"3":{"start":{"line":4,"column":16},"end":{"line":4,"column":36}},"4":{"start":{"line":5,"column":40},"end":{"line":5,"column":65}},"5":{"start":{"line":6,"column":41},"end":{"line":6,"column":58}},"6":{"start":{"line":7,"column":20},"end":{"line":7,"column":37}},"7":{"start":{"line":8,"column":23},"end":{"line":8,"column":41}},"8":{"start":{"line":10,"column":13},"end":{"line":10,"column":31}},"9":{"start":{"line":11,"column":13},"end":{"line":11,"column":31}},"10":{"start":{"line":12,"column":17},"end":{"line":12,"column":34}},"11":{"start":{"line":13,"column":21},"end":{"line":13,"column":47}},"12":{"start":{"line":14,"column":21},"end":{"line":14,"column":46}},"13":{"start":{"line":15,"column":18},"end":{"line":15,"column":41}},"14":{"start":{"line":16,"column":21},"end":{"line":16,"column":47}},"15":{"start":{"line":18,"column":0},"end":{"line":66,"column":1}},"16":{"start":{"line":19,"column":4},"end":{"line":24,"column":7}},"17":{"start":{"line":26,"column":4},"end":{"line":26,"column":27}},"18":{"start":{"line":28,"column":16},"end":{"line":28,"column":25}},"19":{"start":{"line":30,"column":4},"end":{"line":41,"column":10}},"20":{"start":{"line":33,"column":16},"end":{"line":35,"column":17}},"21":{"start":{"line":34,"column":20},"end":{"line":34,"column":53}},"22":{"start":{"line":36,"column":16},"end":{"line":36,"column":39}},"23":{"start":{"line":43,"column":19},"end":{"line":43,"column":30}},"24":{"start":{"line":45,"column":4},"end":{"line":45,"column":26}},"25":{"start":{"line":47,"column":4},"end":{"line":47,"column":21}},"26":{"start":{"line":49,"column":4},"end":{"line":65,"column":6}},"27":{"start":{"line":51,"column":12},"end":{"line":51,"column":23}},"28":{"start":{"line":54,"column":12},"end":{"line":58,"column":15}},"29":{"start":{"line":55,"column":16},"end":{"line":55,"column":33}},"30":{"start":{"line":56,"column":16},"end":{"line":56,"column":73}},"31":{"start":{"line":57,"column":16},"end":{"line":57,"column":26}},"32":{"start":{"line":61,"column":12},"end":{"line":61,"column":37}},"33":{"start":{"line":62,"column":12},"end":{"line":62,"column":33}},"34":{"start":{"line":63,"column":12},"end":{"line":63,"column":35}}},"fnMap":{"0":{"name":"createServer","decl":{"start":{"line":18,"column":32},"end":{"line":18,"column":44}},"loc":{"start":{"line":18,"column":47},"end":{"line":66,"column":1}},"line":18},"1":{"name":"(anonymous_1)","decl":{"start":{"line":32,"column":20},"end":{"line":32,"column":21}},"loc":{"start":{"line":32,"column":29},"end":{"line":37,"column":13}},"line":32},"2":{"name":"(anonymous_2)","decl":{"start":{"line":50,"column":8},"end":{"line":50,"column":9}},"loc":{"start":{"line":50,"column":17},"end":{"line":52,"column":9}},"line":50},"3":{"name":"(anonymous_3)","decl":{"start":{"line":53,"column":8},"end":{"line":53,"column":9}},"loc":{"start":{"line":53,"column":22},"end":{"line":59,"column":9}},"line":53},"4":{"name":"(anonymous_4)","decl":{"start":{"line":54,"column":31},"end":{"line":54,"column":32}},"loc":{"start":{"line":54,"column":44},"end":{"line":58,"column":13}},"line":54},"5":{"name":"(anonymous_5)","decl":{"start":{"line":60,"column":8},"end":{"line":60,"column":9}},"loc":{"start":{"line":60,"column":21},"end":{"line":64,"column":9}},"line":60}},"branchMap":{"0":{"loc":{"start":{"line":33,"column":16},"end":{"line":35,"column":17}},"type":"if","locations":[{"start":{"line":33,"column":16},"end":{"line":35,"column":17}},{"start":{},"end":{}}],"line":33}},"s":{"0":1,"1":1,"2":1,"3":1,"4":1,"5":1,"6":1,"7":1,"8":1,"9":1,"10":1,"11":1,"12":1,"13":1,"14":1,"15":1,"16":1,"17":1,"18":1,"19":1,"20":0,"21":0,"22":0,"23":1,"24":1,"25":1,"26":1,"27":1,"28":0,"29":0,"30":0,"31":0,"32":1,"33":1,"34":1},"f":{"0":1,"1":0,"2":1,"3":0,"4":0,"5":1},"b":{"0":[0,0]},"_coverageSchema":"1a1c01bbd47fc00a2c39e90264f33305004495a9","hash":"72fe0b262b3a7436a39f3d79914a27a8e01ad8ef"}
,"C:\\Users\\Dylan\\OneDrive\\Documenten\\Academiejaar 21-22\\Web Services\\webservises2ezit\\src\\core\\logging.js": {"path":"C:\\Users\\Dylan\\OneDrive\\Documenten\\Academiejaar 21-22\\Web Services\\webservises2ezit\\src\\core\\logging.js","statementMap":{"0":{"start":{"line":2,"column":16},"end":{"line":2,"column":34}},"1":{"start":{"line":5,"column":4},"end":{"line":5,"column":18}},"2":{"start":{"line":9,"column":18},"end":{"line":21,"column":1}},"3":{"start":{"line":10,"column":24},"end":{"line":12,"column":82}},"4":{"start":{"line":12,"column":8},"end":{"line":12,"column":82}},"5":{"start":{"line":14,"column":22},"end":{"line":16,"column":46}},"6":{"start":{"line":16,"column":8},"end":{"line":16,"column":46}},"7":{"start":{"line":17,"column":17},"end":{"line":17,"column":96}},"8":{"start":{"line":17,"column":27},"end":{"line":17,"column":96}},"9":{"start":{"line":18,"column":2},"end":{"line":20,"column":4}},"10":{"start":{"line":23,"column":19},"end":{"line":28,"column":1}},"11":{"start":{"line":25,"column":23},"end":{"line":25,"column":95}},"12":{"start":{"line":25,"column":62},"end":{"line":25,"column":94}},"13":{"start":{"line":26,"column":19},"end":{"line":26,"column":85}},"14":{"start":{"line":26,"column":33},"end":{"line":26,"column":85}},"15":{"start":{"line":27,"column":2},"end":{"line":27,"column":28}},"16":{"start":{"line":33,"column":18},"end":{"line":36,"column":1}},"17":{"start":{"line":34,"column":2},"end":{"line":34,"column":71}},"18":{"start":{"line":34,"column":15},"end":{"line":34,"column":71}},"19":{"start":{"line":35,"column":2},"end":{"line":35,"column":16}},"20":{"start":{"line":41,"column":23},"end":{"line":50,"column":1}},"21":{"start":{"line":42,"column":17},"end":{"line":42,"column":28}},"22":{"start":{"line":43,"column":23},"end":{"line":43,"column":47}},"23":{"start":{"line":45,"column":2},"end":{"line":49,"column":5}},"24":{"start":{"line":62,"column":26},"end":{"line":82,"column":1}},"25":{"start":{"line":69,"column":2},"end":{"line":79,"column":5}},"26":{"start":{"line":81,"column":2},"end":{"line":81,"column":69}},"27":{"start":{"line":84,"column":0},"end":{"line":88,"column":2}}},"fnMap":{"0":{"name":"(anonymous_0)","decl":{"start":{"line":9,"column":18},"end":{"line":9,"column":19}},"loc":{"start":{"line":9,"column":24},"end":{"line":21,"column":1}},"line":9},"1":{"name":"(anonymous_1)","decl":{"start":{"line":10,"column":24},"end":{"line":10,"column":25}},"loc":{"start":{"line":12,"column":8},"end":{"line":12,"column":82}},"line":12},"2":{"name":"(anonymous_2)","decl":{"start":{"line":14,"column":22},"end":{"line":14,"column":23}},"loc":{"start":{"line":16,"column":8},"end":{"line":16,"column":46}},"line":16},"3":{"name":"(anonymous_3)","decl":{"start":{"line":17,"column":17},"end":{"line":17,"column":18}},"loc":{"start":{"line":17,"column":27},"end":{"line":17,"column":96}},"line":17},"4":{"name":"(anonymous_4)","decl":{"start":{"line":23,"column":19},"end":{"line":23,"column":20}},"loc":{"start":{"line":23,"column":25},"end":{"line":28,"column":1}},"line":23},"5":{"name":"(anonymous_5)","decl":{"start":{"line":25,"column":23},"end":{"line":25,"column":24}},"loc":{"start":{"line":25,"column":62},"end":{"line":25,"column":94}},"line":25},"6":{"name":"(anonymous_6)","decl":{"start":{"line":26,"column":19},"end":{"line":26,"column":20}},"loc":{"start":{"line":26,"column":33},"end":{"line":26,"column":85}},"line":26},"7":{"name":"(anonymous_7)","decl":{"start":{"line":33,"column":18},"end":{"line":33,"column":19}},"loc":{"start":{"line":33,"column":24},"end":{"line":36,"column":1}},"line":33},"8":{"name":"(anonymous_8)","decl":{"start":{"line":41,"column":23},"end":{"line":41,"column":24}},"loc":{"start":{"line":41,"column":44},"end":{"line":50,"column":1}},"line":41},"9":{"name":"(anonymous_9)","decl":{"start":{"line":62,"column":26},"end":{"line":62,"column":27}},"loc":{"start":{"line":68,"column":6},"end":{"line":82,"column":1}},"line":68}},"branchMap":{"0":{"loc":{"start":{"line":11,"column":31},"end":{"line":11,"column":46}},"type":"default-arg","locations":[{"start":{"line":11,"column":38},"end":{"line":11,"column":46}}],"line":11},"1":{"loc":{"start":{"line":17,"column":27},"end":{"line":17,"column":96}},"type":"cond-expr","locations":[{"start":{"line":17,"column":57},"end":{"line":17,"column":74}},{"start":{"line":17,"column":77},"end":{"line":17,"column":96}}],"line":17},"2":{"loc":{"start":{"line":26,"column":33},"end":{"line":26,"column":85}},"type":"cond-expr","locations":[{"start":{"line":26,"column":58},"end":{"line":26,"column":77}},{"start":{"line":26,"column":80},"end":{"line":26,"column":85}}],"line":26},"3":{"loc":{"start":{"line":34,"column":2},"end":{"line":34,"column":71}},"type":"if","locations":[{"start":{"line":34,"column":2},"end":{"line":34,"column":71}},{"start":{},"end":{}}],"line":34},"4":{"loc":{"start":{"line":41,"column":30},"end":{"line":41,"column":39}},"type":"default-arg","locations":[{"start":{"line":41,"column":37},"end":{"line":41,"column":39}}],"line":41},"5":{"loc":{"start":{"line":46,"column":10},"end":{"line":46,"column":57}},"type":"cond-expr","locations":[{"start":{"line":46,"column":25},"end":{"line":46,"column":50}},{"start":{"line":46,"column":53},"end":{"line":46,"column":57}}],"line":46},"6":{"loc":{"start":{"line":66,"column":2},"end":{"line":66,"column":18}},"type":"default-arg","locations":[{"start":{"line":66,"column":16},"end":{"line":66,"column":18}}],"line":66},"7":{"loc":{"start":{"line":67,"column":2},"end":{"line":67,"column":22}},"type":"default-arg","locations":[{"start":{"line":67,"column":20},"end":{"line":67,"column":22}}],"line":67},"8":{"loc":{"start":{"line":72,"column":12},"end":{"line":72,"column":53}},"type":"cond-expr","locations":[{"start":{"line":72,"column":27},"end":{"line":72,"column":39}},{"start":{"line":72,"column":42},"end":{"line":72,"column":53}}],"line":72}},"s":{"0":1,"1":1,"2":1,"3":1,"4":11,"5":1,"6":0,"7":1,"8":11,"9":1,"10":1,"11":0,"12":0,"13":0,"14":0,"15":0,"16":1,"17":4,"18":0,"19":4,"20":1,"21":3,"22":3,"23":3,"24":1,"25":1,"26":1,"27":1},"f":{"0":1,"1":11,"2":0,"3":11,"4":0,"5":0,"6":0,"7":4,"8":3,"9":1},"b":{"0":[2],"1":[0,11],"2":[0,0],"3":[0,4],"4":[3],"5":[0,3],"6":[0],"7":[1],"8":[0,1]},"_coverageSchema":"1a1c01bbd47fc00a2c39e90264f33305004495a9","hash":"71148ec446e5961e91adb603a71c981fbf78a928"}
,"C:\\Users\\Dylan\\OneDrive\\Documenten\\Academiejaar 21-22\\Web Services\\webservises2ezit\\src\\data\\index.js": {"path":"C:\\Users\\Dylan\\OneDrive\\Documenten\\Academiejaar 21-22\\Web Services\\webservises2ezit\\src\\data\\index.js","statementMap":{"0":{"start":{"line":1,"column":15},"end":{"line":1,"column":30}},"1":{"start":{"line":2,"column":15},"end":{"line":2,"column":32}},"2":{"start":{"line":3,"column":13},"end":{"line":3,"column":28}},"3":{"start":{"line":4,"column":25},"end":{"line":4,"column":51}},"4":{"start":{"line":6,"column":17},"end":{"line":6,"column":34}},"5":{"start":{"line":7,"column":22},"end":{"line":7,"column":48}},"6":{"start":{"line":9,"column":24},"end":{"line":9,"column":53}},"7":{"start":{"line":10,"column":22},"end":{"line":10,"column":49}},"8":{"start":{"line":11,"column":22},"end":{"line":11,"column":49}},"9":{"start":{"line":12,"column":22},"end":{"line":12,"column":49}},"10":{"start":{"line":13,"column":26},"end":{"line":13,"column":57}},"11":{"start":{"line":14,"column":26},"end":{"line":14,"column":57}},"12":{"start":{"line":19,"column":19},"end":{"line":19,"column":45}},"13":{"start":{"line":20,"column":24},"end":{"line":38,"column":5}},"14":{"start":{"line":40,"column":4},"end":{"line":40,"column":37}},"15":{"start":{"line":42,"column":4},"end":{"line":54,"column":5}},"16":{"start":{"line":43,"column":8},"end":{"line":43,"column":55}},"17":{"start":{"line":44,"column":8},"end":{"line":44,"column":81}},"18":{"start":{"line":46,"column":8},"end":{"line":46,"column":37}},"19":{"start":{"line":48,"column":8},"end":{"line":48,"column":56}},"20":{"start":{"line":49,"column":8},"end":{"line":49,"column":41}},"21":{"start":{"line":50,"column":8},"end":{"line":50,"column":55}},"22":{"start":{"line":52,"column":8},"end":{"line":52,"column":45}},"23":{"start":{"line":53,"column":8},"end":{"line":53,"column":63}},"24":{"start":{"line":56,"column":27},"end":{"line":56,"column":31}},"25":{"start":{"line":57,"column":4},"end":{"line":64,"column":5}},"26":{"start":{"line":58,"column":8},"end":{"line":58,"column":44}},"27":{"start":{"line":59,"column":8},"end":{"line":59,"column":33}},"28":{"start":{"line":61,"column":8},"end":{"line":63,"column":11}},"29":{"start":{"line":66,"column":4},"end":{"line":75,"column":5}},"30":{"start":{"line":67,"column":8},"end":{"line":73,"column":9}},"31":{"start":{"line":68,"column":12},"end":{"line":68,"column":46}},"32":{"start":{"line":70,"column":12},"end":{"line":72,"column":15}},"33":{"start":{"line":74,"column":8},"end":{"line":74,"column":45}},"34":{"start":{"line":77,"column":4},"end":{"line":85,"column":5}},"35":{"start":{"line":78,"column":8},"end":{"line":84,"column":9}},"36":{"start":{"line":79,"column":12},"end":{"line":79,"column":42}},"37":{"start":{"line":81,"column":12},"end":{"line":83,"column":15}},"38":{"start":{"line":87,"column":4},"end":{"line":87,"column":42}},"39":{"start":{"line":88,"column":4},"end":{"line":88,"column":24}},"40":{"start":{"line":92,"column":19},"end":{"line":92,"column":45}},"41":{"start":{"line":94,"column":4},"end":{"line":94,"column":53}},"42":{"start":{"line":96,"column":4},"end":{"line":96,"column":33}},"43":{"start":{"line":97,"column":4},"end":{"line":97,"column":24}},"44":{"start":{"line":99,"column":4},"end":{"line":99,"column":46}},"45":{"start":{"line":103,"column":4},"end":{"line":103,"column":107}},"46":{"start":{"line":103,"column":22},"end":{"line":103,"column":107}},"47":{"start":{"line":104,"column":4},"end":{"line":104,"column":24}},"48":{"start":{"line":107,"column":15},"end":{"line":111,"column":2}},"49":{"start":{"line":113,"column":0},"end":{"line":118,"column":2}}},"fnMap":{"0":{"name":"initializeData","decl":{"start":{"line":18,"column":15},"end":{"line":18,"column":29}},"loc":{"start":{"line":18,"column":32},"end":{"line":89,"column":1}},"line":18},"1":{"name":"shutdownData","decl":{"start":{"line":91,"column":15},"end":{"line":91,"column":27}},"loc":{"start":{"line":91,"column":30},"end":{"line":100,"column":3}},"line":91},"2":{"name":"getKnex","decl":{"start":{"line":102,"column":9},"end":{"line":102,"column":16}},"loc":{"start":{"line":102,"column":18},"end":{"line":105,"column":1}},"line":102}},"branchMap":{"0":{"loc":{"start":{"line":66,"column":4},"end":{"line":75,"column":5}},"type":"if","locations":[{"start":{"line":66,"column":4},"end":{"line":75,"column":5}},{"start":{},"end":{}}],"line":66},"1":{"loc":{"start":{"line":77,"column":4},"end":{"line":85,"column":5}},"type":"if","locations":[{"start":{"line":77,"column":4},"end":{"line":85,"column":5}},{"start":{},"end":{}}],"line":77},"2":{"loc":{"start":{"line":103,"column":4},"end":{"line":103,"column":107}},"type":"if","locations":[{"start":{"line":103,"column":4},"end":{"line":103,"column":107}},{"start":{},"end":{}}],"line":103}},"s":{"0":1,"1":1,"2":1,"3":1,"4":1,"5":1,"6":1,"7":1,"8":1,"9":1,"10":1,"11":1,"12":1,"13":1,"14":1,"15":1,"16":1,"17":1,"18":1,"19":1,"20":1,"21":1,"22":0,"23":0,"24":1,"25":1,"26":1,"27":1,"28":0,"29":1,"30":0,"31":0,"32":0,"33":0,"34":1,"35":0,"36":0,"37":0,"38":1,"39":1,"40":1,"41":1,"42":1,"43":1,"44":1,"45":11,"46":0,"47":11,"48":1,"49":1},"f":{"0":1,"1":1,"2":11},"b":{"0":[0,1],"1":[0,1],"2":[0,11]},"_coverageSchema":"1a1c01bbd47fc00a2c39e90264f33305004495a9","hash":"9be088d3cd7514f214a0f93c5e1d9396c03b94ae"}
,"C:\\Users\\Dylan\\OneDrive\\Documenten\\Academiejaar 21-22\\Web Services\\webservises2ezit\\src\\repository\\book.js": {"path":"C:\\Users\\Dylan\\OneDrive\\Documenten\\Academiejaar 21-22\\Web Services\\webservises2ezit\\src\\repository\\book.js","statementMap":{"0":{"start":{"line":1,"column":13},"end":{"line":1,"column":28}},"1":{"start":{"line":2,"column":28},"end":{"line":2,"column":46}},"2":{"start":{"line":3,"column":27},"end":{"line":3,"column":53}},"3":{"start":{"line":5,"column":16},"end":{"line":14,"column":1}},"4":{"start":{"line":9,"column":4},"end":{"line":13,"column":32}},"5":{"start":{"line":16,"column":19},"end":{"line":20,"column":1}},"6":{"start":{"line":17,"column":4},"end":{"line":19,"column":15}},"7":{"start":{"line":22,"column":17},"end":{"line":26,"column":1}},"8":{"start":{"line":23,"column":4},"end":{"line":25,"column":17}},"9":{"start":{"line":28,"column":18},"end":{"line":32,"column":1}},"10":{"start":{"line":29,"column":20},"end":{"line":30,"column":14}},"11":{"start":{"line":31,"column":4},"end":{"line":31,"column":29}},"12":{"start":{"line":34,"column":15},"end":{"line":57,"column":1}},"13":{"start":{"line":39,"column":4},"end":{"line":56,"column":5}},"14":{"start":{"line":40,"column":17},"end":{"line":40,"column":26}},"15":{"start":{"line":41,"column":6},"end":{"line":47,"column":11}},"16":{"start":{"line":49,"column":6},"end":{"line":49,"column":32}},"17":{"start":{"line":51,"column":21},"end":{"line":51,"column":49}},"18":{"start":{"line":52,"column":6},"end":{"line":54,"column":9}},"19":{"start":{"line":55,"column":6},"end":{"line":55,"column":18}},"20":{"start":{"line":59,"column":19},"end":{"line":81,"column":1}},"21":{"start":{"line":64,"column":4},"end":{"line":80,"column":5}},"22":{"start":{"line":65,"column":6},"end":{"line":71,"column":40}},"23":{"start":{"line":73,"column":6},"end":{"line":73,"column":32}},"24":{"start":{"line":75,"column":21},"end":{"line":75,"column":49}},"25":{"start":{"line":76,"column":6},"end":{"line":78,"column":9}},"26":{"start":{"line":79,"column":6},"end":{"line":79,"column":18}},"27":{"start":{"line":83,"column":19},"end":{"line":97,"column":1}},"28":{"start":{"line":84,"column":4},"end":{"line":96,"column":5}},"29":{"start":{"line":85,"column":27},"end":{"line":87,"column":24}},"30":{"start":{"line":89,"column":6},"end":{"line":89,"column":30}},"31":{"start":{"line":91,"column":21},"end":{"line":91,"column":49}},"32":{"start":{"line":92,"column":6},"end":{"line":94,"column":9}},"33":{"start":{"line":95,"column":6},"end":{"line":95,"column":18}},"34":{"start":{"line":99,"column":0},"end":{"line":107,"column":1}}},"fnMap":{"0":{"name":"(anonymous_0)","decl":{"start":{"line":5,"column":16},"end":{"line":5,"column":17}},"loc":{"start":{"line":8,"column":6},"end":{"line":14,"column":1}},"line":8},"1":{"name":"(anonymous_1)","decl":{"start":{"line":16,"column":19},"end":{"line":16,"column":20}},"loc":{"start":{"line":16,"column":29},"end":{"line":20,"column":1}},"line":16},"2":{"name":"(anonymous_2)","decl":{"start":{"line":22,"column":17},"end":{"line":22,"column":18}},"loc":{"start":{"line":22,"column":25},"end":{"line":26,"column":1}},"line":22},"3":{"name":"(anonymous_3)","decl":{"start":{"line":28,"column":18},"end":{"line":28,"column":19}},"loc":{"start":{"line":28,"column":30},"end":{"line":32,"column":1}},"line":28},"4":{"name":"(anonymous_4)","decl":{"start":{"line":34,"column":15},"end":{"line":34,"column":16}},"loc":{"start":{"line":38,"column":8},"end":{"line":57,"column":1}},"line":38},"5":{"name":"(anonymous_5)","decl":{"start":{"line":59,"column":19},"end":{"line":59,"column":20}},"loc":{"start":{"line":63,"column":8},"end":{"line":81,"column":1}},"line":63},"6":{"name":"(anonymous_6)","decl":{"start":{"line":83,"column":19},"end":{"line":83,"column":20}},"loc":{"start":{"line":83,"column":33},"end":{"line":97,"column":1}},"line":83}},"branchMap":{},"s":{"0":1,"1":1,"2":1,"3":1,"4":0,"5":1,"6":0,"7":1,"8":0,"9":1,"10":0,"11":0,"12":1,"13":0,"14":0,"15":0,"16":0,"17":0,"18":0,"19":0,"20":1,"21":0,"22":0,"23":0,"24":0,"25":0,"26":0,"27":1,"28":0,"29":0,"30":0,"31":0,"32":0,"33":0,"34":1},"f":{"0":0,"1":0,"2":0,"3":0,"4":0,"5":0,"6":0},"b":{},"_coverageSchema":"1a1c01bbd47fc00a2c39e90264f33305004495a9","hash":"7d5112dd5b5d8a1aa1310d7a09448abd08acc916"}
,"C:\\Users\\Dylan\\OneDrive\\Documenten\\Academiejaar 21-22\\Web Services\\webservises2ezit\\src\\repository\\character.js": {"path":"C:\\Users\\Dylan\\OneDrive\\Documenten\\Academiejaar 21-22\\Web Services\\webservises2ezit\\src\\repository\\character.js","statementMap":{"0":{"start":{"line":1,"column":13},"end":{"line":1,"column":28}},"1":{"start":{"line":2,"column":27},"end":{"line":2,"column":53}},"2":{"start":{"line":3,"column":28},"end":{"line":3,"column":46}},"3":{"start":{"line":5,"column":23},"end":{"line":10,"column":1}},"4":{"start":{"line":12,"column":24},"end":{"line":24,"column":1}},"5":{"start":{"line":13,"column":4},"end":{"line":23,"column":5}},"6":{"start":{"line":26,"column":16},"end":{"line":39,"column":3}},"7":{"start":{"line":30,"column":23},"end":{"line":36,"column":52}},"8":{"start":{"line":38,"column":4},"end":{"line":38,"column":43}},"9":{"start":{"line":41,"column":20},"end":{"line":46,"column":3}},"10":{"start":{"line":42,"column":20},"end":{"line":43,"column":14}},"11":{"start":{"line":45,"column":4},"end":{"line":45,"column":29}},"12":{"start":{"line":48,"column":17},"end":{"line":55,"column":1}},"13":{"start":{"line":49,"column":22},"end":{"line":53,"column":30}},"14":{"start":{"line":54,"column":4},"end":{"line":54,"column":51}},"15":{"start":{"line":57,"column":15},"end":{"line":76,"column":1}},"16":{"start":{"line":60,"column":4},"end":{"line":75,"column":5}},"17":{"start":{"line":61,"column":19},"end":{"line":61,"column":28}},"18":{"start":{"line":62,"column":8},"end":{"line":69,"column":15}},"19":{"start":{"line":70,"column":8},"end":{"line":70,"column":34}},"20":{"start":{"line":72,"column":23},"end":{"line":72,"column":55}},"21":{"start":{"line":73,"column":8},"end":{"line":73,"column":49}},"22":{"start":{"line":74,"column":8},"end":{"line":74,"column":20}},"23":{"start":{"line":78,"column":19},"end":{"line":98,"column":3}},"24":{"start":{"line":81,"column":4},"end":{"line":97,"column":5}},"25":{"start":{"line":82,"column":6},"end":{"line":89,"column":45}},"26":{"start":{"line":90,"column":6},"end":{"line":90,"column":32}},"27":{"start":{"line":92,"column":21},"end":{"line":92,"column":53}},"28":{"start":{"line":93,"column":6},"end":{"line":95,"column":9}},"29":{"start":{"line":96,"column":6},"end":{"line":96,"column":18}},"30":{"start":{"line":100,"column":21},"end":{"line":113,"column":3}},"31":{"start":{"line":101,"column":4},"end":{"line":112,"column":5}},"32":{"start":{"line":102,"column":27},"end":{"line":104,"column":44}},"33":{"start":{"line":105,"column":6},"end":{"line":105,"column":30}},"34":{"start":{"line":107,"column":21},"end":{"line":107,"column":53}},"35":{"start":{"line":108,"column":6},"end":{"line":110,"column":9}},"36":{"start":{"line":111,"column":6},"end":{"line":111,"column":18}},"37":{"start":{"line":115,"column":0},"end":{"line":122,"column":2}}},"fnMap":{"0":{"name":"(anonymous_0)","decl":{"start":{"line":12,"column":24},"end":{"line":12,"column":25}},"loc":{"start":{"line":12,"column":85},"end":{"line":24,"column":1}},"line":12},"1":{"name":"(anonymous_1)","decl":{"start":{"line":26,"column":16},"end":{"line":26,"column":17}},"loc":{"start":{"line":29,"column":8},"end":{"line":39,"column":3}},"line":29},"2":{"name":"(anonymous_2)","decl":{"start":{"line":41,"column":20},"end":{"line":41,"column":21}},"loc":{"start":{"line":41,"column":32},"end":{"line":46,"column":3}},"line":41},"3":{"name":"(anonymous_3)","decl":{"start":{"line":48,"column":17},"end":{"line":48,"column":18}},"loc":{"start":{"line":48,"column":31},"end":{"line":55,"column":1}},"line":48},"4":{"name":"(anonymous_4)","decl":{"start":{"line":57,"column":15},"end":{"line":57,"column":16}},"loc":{"start":{"line":59,"column":6},"end":{"line":76,"column":1}},"line":59},"5":{"name":"(anonymous_5)","decl":{"start":{"line":78,"column":19},"end":{"line":78,"column":20}},"loc":{"start":{"line":80,"column":8},"end":{"line":98,"column":3}},"line":80},"6":{"name":"(anonymous_6)","decl":{"start":{"line":100,"column":21},"end":{"line":100,"column":22}},"loc":{"start":{"line":100,"column":35},"end":{"line":113,"column":3}},"line":100}},"branchMap":{"0":{"loc":{"start":{"line":54,"column":11},"end":{"line":54,"column":50}},"type":"binary-expr","locations":[{"start":{"line":54,"column":11},"end":{"line":54,"column":20}},{"start":{"line":54,"column":24},"end":{"line":54,"column":50}}],"line":54}},"s":{"0":1,"1":1,"2":1,"3":1,"4":1,"5":8,"6":1,"7":2,"8":2,"9":1,"10":2,"11":2,"12":1,"13":3,"14":3,"15":1,"16":1,"17":1,"18":1,"19":1,"20":0,"21":0,"22":0,"23":1,"24":1,"25":1,"26":1,"27":0,"28":0,"29":0,"30":1,"31":1,"32":1,"33":1,"34":0,"35":0,"36":0,"37":1},"f":{"0":8,"1":2,"2":2,"3":3,"4":1,"5":1,"6":1},"b":{"0":[3,3]},"_coverageSchema":"1a1c01bbd47fc00a2c39e90264f33305004495a9","hash":"be63f877f4a378f62a51f0c038a240ed06d2f5da"}
,"C:\\Users\\Dylan\\OneDrive\\Documenten\\Academiejaar 21-22\\Web Services\\webservises2ezit\\src\\rest\\_books.js": {"path":"C:\\Users\\Dylan\\OneDrive\\Documenten\\Academiejaar 21-22\\Web Services\\webservises2ezit\\src\\rest\\_books.js","statementMap":{"0":{"start":{"line":1,"column":15},"end":{"line":1,"column":37}},"1":{"start":{"line":2,"column":20},"end":{"line":2,"column":46}},"2":{"start":{"line":4,"column":20},"end":{"line":7,"column":1}},"3":{"start":{"line":5,"column":27},"end":{"line":5,"column":36}},"4":{"start":{"line":6,"column":1},"end":{"line":6,"column":68}},"5":{"start":{"line":9,"column":19},"end":{"line":13,"column":1}},"6":{"start":{"line":10,"column":17},"end":{"line":10,"column":59}},"7":{"start":{"line":11,"column":1},"end":{"line":11,"column":20}},"8":{"start":{"line":12,"column":1},"end":{"line":12,"column":17}},"9":{"start":{"line":15,"column":20},"end":{"line":17,"column":1}},"10":{"start":{"line":16,"column":1},"end":{"line":16,"column":53}},"11":{"start":{"line":19,"column":19},"end":{"line":21,"column":1}},"12":{"start":{"line":20,"column":1},"end":{"line":20,"column":74}},"13":{"start":{"line":23,"column":19},"end":{"line":26,"column":1}},"14":{"start":{"line":24,"column":1},"end":{"line":24,"column":45}},"15":{"start":{"line":25,"column":1},"end":{"line":25,"column":18}},"16":{"start":{"line":33,"column":0},"end":{"line":45,"column":2}},"17":{"start":{"line":34,"column":16},"end":{"line":36,"column":3}},"18":{"start":{"line":38,"column":1},"end":{"line":38,"column":30}},"19":{"start":{"line":39,"column":1},"end":{"line":39,"column":30}},"20":{"start":{"line":40,"column":1},"end":{"line":40,"column":33}},"21":{"start":{"line":41,"column":1},"end":{"line":41,"column":32}},"22":{"start":{"line":42,"column":1},"end":{"line":42,"column":35}},"23":{"start":{"line":44,"column":1},"end":{"line":44,"column":55}}},"fnMap":{"0":{"name":"(anonymous_0)","decl":{"start":{"line":4,"column":20},"end":{"line":4,"column":21}},"loc":{"start":{"line":4,"column":35},"end":{"line":7,"column":1}},"line":4},"1":{"name":"(anonymous_1)","decl":{"start":{"line":9,"column":19},"end":{"line":9,"column":20}},"loc":{"start":{"line":9,"column":34},"end":{"line":13,"column":1}},"line":9},"2":{"name":"(anonymous_2)","decl":{"start":{"line":15,"column":20},"end":{"line":15,"column":21}},"loc":{"start":{"line":15,"column":35},"end":{"line":17,"column":1}},"line":15},"3":{"name":"(anonymous_3)","decl":{"start":{"line":19,"column":19},"end":{"line":19,"column":20}},"loc":{"start":{"line":19,"column":34},"end":{"line":21,"column":1}},"line":19},"4":{"name":"(anonymous_4)","decl":{"start":{"line":23,"column":19},"end":{"line":23,"column":20}},"loc":{"start":{"line":23,"column":34},"end":{"line":26,"column":1}},"line":23},"5":{"name":"(anonymous_5)","decl":{"start":{"line":33,"column":17},"end":{"line":33,"column":18}},"loc":{"start":{"line":33,"column":26},"end":{"line":45,"column":1}},"line":33}},"branchMap":{},"s":{"0":1,"1":1,"2":1,"3":0,"4":0,"5":1,"6":0,"7":0,"8":0,"9":1,"10":0,"11":1,"12":0,"13":1,"14":0,"15":0,"16":1,"17":1,"18":1,"19":1,"20":1,"21":1,"22":1,"23":1},"f":{"0":0,"1":0,"2":0,"3":0,"4":0,"5":1},"b":{},"_coverageSchema":"1a1c01bbd47fc00a2c39e90264f33305004495a9","hash":"4d4a28acdc7401573669f3697b24ca58a9457565"}
,"C:\\Users\\Dylan\\OneDrive\\Documenten\\Academiejaar 21-22\\Web Services\\webservises2ezit\\src\\rest\\_characters.js": {"path":"C:\\Users\\Dylan\\OneDrive\\Documenten\\Academiejaar 21-22\\Web Services\\webservises2ezit\\src\\rest\\_characters.js","statementMap":{"0":{"start":{"line":1,"column":15},"end":{"line":1,"column":37}},"1":{"start":{"line":2,"column":25},"end":{"line":2,"column":56}},"2":{"start":{"line":4,"column":25},"end":{"line":8,"column":1}},"3":{"start":{"line":5,"column":15},"end":{"line":5,"column":57}},"4":{"start":{"line":6,"column":16},"end":{"line":6,"column":60}},"5":{"start":{"line":7,"column":1},"end":{"line":7,"column":57}},"6":{"start":{"line":10,"column":24},"end":{"line":14,"column":1}},"7":{"start":{"line":11,"column":22},"end":{"line":11,"column":69}},"8":{"start":{"line":12,"column":1},"end":{"line":12,"column":25}},"9":{"start":{"line":13,"column":1},"end":{"line":13,"column":18}},"10":{"start":{"line":16,"column":25},"end":{"line":18,"column":1}},"11":{"start":{"line":17,"column":1},"end":{"line":17,"column":58}},"12":{"start":{"line":20,"column":24},"end":{"line":22,"column":1}},"13":{"start":{"line":21,"column":1},"end":{"line":21,"column":79}},"14":{"start":{"line":24,"column":24},"end":{"line":27,"column":1}},"15":{"start":{"line":25,"column":1},"end":{"line":25,"column":50}},"16":{"start":{"line":26,"column":1},"end":{"line":26,"column":18}},"17":{"start":{"line":34,"column":0},"end":{"line":46,"column":2}},"18":{"start":{"line":35,"column":16},"end":{"line":37,"column":3}},"19":{"start":{"line":39,"column":1},"end":{"line":39,"column":35}},"20":{"start":{"line":40,"column":1},"end":{"line":40,"column":35}},"21":{"start":{"line":41,"column":1},"end":{"line":41,"column":38}},"22":{"start":{"line":42,"column":1},"end":{"line":42,"column":37}},"23":{"start":{"line":43,"column":1},"end":{"line":43,"column":40}},"24":{"start":{"line":45,"column":1},"end":{"line":45,"column":55}}},"fnMap":{"0":{"name":"(anonymous_0)","decl":{"start":{"line":4,"column":25},"end":{"line":4,"column":26}},"loc":{"start":{"line":4,"column":40},"end":{"line":8,"column":1}},"line":4},"1":{"name":"(anonymous_1)","decl":{"start":{"line":10,"column":24},"end":{"line":10,"column":25}},"loc":{"start":{"line":10,"column":39},"end":{"line":14,"column":1}},"line":10},"2":{"name":"(anonymous_2)","decl":{"start":{"line":16,"column":25},"end":{"line":16,"column":26}},"loc":{"start":{"line":16,"column":40},"end":{"line":18,"column":1}},"line":16},"3":{"name":"(anonymous_3)","decl":{"start":{"line":20,"column":24},"end":{"line":20,"column":25}},"loc":{"start":{"line":20,"column":39},"end":{"line":22,"column":1}},"line":20},"4":{"name":"(anonymous_4)","decl":{"start":{"line":24,"column":24},"end":{"line":24,"column":25}},"loc":{"start":{"line":24,"column":39},"end":{"line":27,"column":1}},"line":24},"5":{"name":"(anonymous_5)","decl":{"start":{"line":34,"column":17},"end":{"line":34,"column":18}},"loc":{"start":{"line":34,"column":26},"end":{"line":46,"column":1}},"line":34}},"branchMap":{"0":{"loc":{"start":{"line":5,"column":15},"end":{"line":5,"column":57}},"type":"binary-expr","locations":[{"start":{"line":5,"column":15},"end":{"line":5,"column":30}},{"start":{"line":5,"column":34},"end":{"line":5,"column":57}}],"line":5},"1":{"loc":{"start":{"line":6,"column":16},"end":{"line":6,"column":60}},"type":"binary-expr","locations":[{"start":{"line":6,"column":16},"end":{"line":6,"column":32}},{"start":{"line":6,"column":36},"end":{"line":6,"column":60}}],"line":6}},"s":{"0":1,"1":1,"2":1,"3":2,"4":2,"5":2,"6":1,"7":1,"8":1,"9":1,"10":1,"11":1,"12":1,"13":1,"14":1,"15":1,"16":1,"17":1,"18":1,"19":1,"20":1,"21":1,"22":1,"23":1,"24":1},"f":{"0":2,"1":1,"2":1,"3":1,"4":1,"5":1},"b":{"0":[2,1],"1":[2,1]},"_coverageSchema":"1a1c01bbd47fc00a2c39e90264f33305004495a9","hash":"0558c909f221246bdcca768705836a87e5120694"}
,"C:\\Users\\Dylan\\OneDrive\\Documenten\\Academiejaar 21-22\\Web Services\\webservises2ezit\\src\\rest\\_health.js": {"path":"C:\\Users\\Dylan\\OneDrive\\Documenten\\Academiejaar 21-22\\Web Services\\webservises2ezit\\src\\rest\\_health.js","statementMap":{"0":{"start":{"line":1,"column":15},"end":{"line":1,"column":37}},"1":{"start":{"line":2,"column":22},"end":{"line":2,"column":50}},"2":{"start":{"line":4,"column":13},"end":{"line":6,"column":1}},"3":{"start":{"line":5,"column":2},"end":{"line":5,"column":34}},"4":{"start":{"line":8,"column":19},"end":{"line":10,"column":1}},"5":{"start":{"line":9,"column":2},"end":{"line":9,"column":40}},"6":{"start":{"line":17,"column":0},"end":{"line":28,"column":2}},"7":{"start":{"line":18,"column":17},"end":{"line":20,"column":4}},"8":{"start":{"line":22,"column":2},"end":{"line":22,"column":28}},"9":{"start":{"line":23,"column":2},"end":{"line":23,"column":37}},"10":{"start":{"line":25,"column":2},"end":{"line":27,"column":34}}},"fnMap":{"0":{"name":"(anonymous_0)","decl":{"start":{"line":4,"column":13},"end":{"line":4,"column":14}},"loc":{"start":{"line":4,"column":28},"end":{"line":6,"column":1}},"line":4},"1":{"name":"(anonymous_1)","decl":{"start":{"line":8,"column":19},"end":{"line":8,"column":20}},"loc":{"start":{"line":8,"column":34},"end":{"line":10,"column":1}},"line":8},"2":{"name":"installHealthRoutes","decl":{"start":{"line":17,"column":26},"end":{"line":17,"column":45}},"loc":{"start":{"line":17,"column":51},"end":{"line":28,"column":1}},"line":17}},"branchMap":{},"s":{"0":1,"1":1,"2":1,"3":0,"4":1,"5":0,"6":1,"7":1,"8":1,"9":1,"10":1},"f":{"0":0,"1":0,"2":1},"b":{},"_coverageSchema":"1a1c01bbd47fc00a2c39e90264f33305004495a9","hash":"0253e662602eb9ca434ba0296bfa558cc9982a4a"}
,"C:\\Users\\Dylan\\OneDrive\\Documenten\\Academiejaar 21-22\\Web Services\\webservises2ezit\\src\\rest\\index.js": {"path":"C:\\Users\\Dylan\\OneDrive\\Documenten\\Academiejaar 21-22\\Web Services\\webservises2ezit\\src\\rest\\index.js","statementMap":{"0":{"start":{"line":1,"column":15},"end":{"line":1,"column":37}},"1":{"start":{"line":2,"column":31},"end":{"line":2,"column":55}},"2":{"start":{"line":3,"column":28},"end":{"line":3,"column":48}},"3":{"start":{"line":4,"column":26},"end":{"line":4,"column":45}},"4":{"start":{"line":11,"column":0},"end":{"line":21,"column":2}},"5":{"start":{"line":12,"column":16},"end":{"line":14,"column":3}},"6":{"start":{"line":16,"column":1},"end":{"line":16,"column":32}},"7":{"start":{"line":17,"column":1},"end":{"line":17,"column":27}},"8":{"start":{"line":18,"column":1},"end":{"line":18,"column":29}},"9":{"start":{"line":20,"column":1},"end":{"line":20,"column":55}}},"fnMap":{"0":{"name":"(anonymous_0)","decl":{"start":{"line":11,"column":17},"end":{"line":11,"column":18}},"loc":{"start":{"line":11,"column":26},"end":{"line":21,"column":1}},"line":11}},"branchMap":{},"s":{"0":1,"1":1,"2":1,"3":1,"4":1,"5":1,"6":1,"7":1,"8":1,"9":1},"f":{"0":1},"b":{},"_coverageSchema":"1a1c01bbd47fc00a2c39e90264f33305004495a9","hash":"6e6002448639299b7e3012503ef0da36c2699efa"}
,"C:\\Users\\Dylan\\OneDrive\\Documenten\\Academiejaar 21-22\\Web Services\\webservises2ezit\\src\\service\\book.js": {"path":"C:\\Users\\Dylan\\OneDrive\\Documenten\\Academiejaar 21-22\\Web Services\\webservises2ezit\\src\\service\\book.js","statementMap":{"0":{"start":{"line":1,"column":15},"end":{"line":1,"column":32}},"1":{"start":{"line":3,"column":27},"end":{"line":3,"column":53}},"2":{"start":{"line":4,"column":24},"end":{"line":4,"column":53}},"3":{"start":{"line":6,"column":33},"end":{"line":6,"column":63}},"4":{"start":{"line":7,"column":34},"end":{"line":7,"column":65}},"5":{"start":{"line":9,"column":17},"end":{"line":12,"column":1}},"6":{"start":{"line":10,"column":1},"end":{"line":10,"column":64}},"7":{"start":{"line":10,"column":19},"end":{"line":10,"column":64}},"8":{"start":{"line":11,"column":1},"end":{"line":11,"column":34}},"9":{"start":{"line":14,"column":15},"end":{"line":25,"column":1}},"10":{"start":{"line":18,"column":1},"end":{"line":18,"column":32}},"11":{"start":{"line":19,"column":14},"end":{"line":19,"column":62}},"12":{"start":{"line":20,"column":15},"end":{"line":20,"column":48}},"13":{"start":{"line":21,"column":1},"end":{"line":24,"column":3}},"14":{"start":{"line":27,"column":16},"end":{"line":30,"column":1}},"15":{"start":{"line":28,"column":1},"end":{"line":28,"column":41}},"16":{"start":{"line":29,"column":1},"end":{"line":29,"column":37}},"17":{"start":{"line":32,"column":15},"end":{"line":36,"column":1}},"18":{"start":{"line":33,"column":17},"end":{"line":33,"column":41}},"19":{"start":{"line":34,"column":1},"end":{"line":34,"column":40}},"20":{"start":{"line":35,"column":1},"end":{"line":35,"column":40}},"21":{"start":{"line":38,"column":19},"end":{"line":42,"column":1}},"22":{"start":{"line":39,"column":21},"end":{"line":39,"column":44}},"23":{"start":{"line":40,"column":1},"end":{"line":40,"column":67}},"24":{"start":{"line":41,"column":1},"end":{"line":41,"column":52}},"25":{"start":{"line":44,"column":19},"end":{"line":47,"column":1}},"26":{"start":{"line":45,"column":1},"end":{"line":45,"column":41}},"27":{"start":{"line":46,"column":1},"end":{"line":46,"column":38}},"28":{"start":{"line":49,"column":0},"end":{"line":55,"column":2}}},"fnMap":{"0":{"name":"(anonymous_0)","decl":{"start":{"line":9,"column":17},"end":{"line":9,"column":18}},"loc":{"start":{"line":9,"column":41},"end":{"line":12,"column":1}},"line":9},"1":{"name":"(anonymous_1)","decl":{"start":{"line":14,"column":15},"end":{"line":14,"column":16}},"loc":{"start":{"line":17,"column":5},"end":{"line":25,"column":1}},"line":17},"2":{"name":"(anonymous_2)","decl":{"start":{"line":27,"column":16},"end":{"line":27,"column":17}},"loc":{"start":{"line":27,"column":24},"end":{"line":30,"column":1}},"line":27},"3":{"name":"(anonymous_3)","decl":{"start":{"line":32,"column":15},"end":{"line":32,"column":16}},"loc":{"start":{"line":32,"column":45},"end":{"line":36,"column":1}},"line":32},"4":{"name":"(anonymous_4)","decl":{"start":{"line":38,"column":19},"end":{"line":38,"column":20}},"loc":{"start":{"line":38,"column":53},"end":{"line":42,"column":1}},"line":38},"5":{"name":"(anonymous_5)","decl":{"start":{"line":44,"column":19},"end":{"line":44,"column":20}},"loc":{"start":{"line":44,"column":33},"end":{"line":47,"column":1}},"line":44}},"branchMap":{"0":{"loc":{"start":{"line":9,"column":27},"end":{"line":9,"column":36}},"type":"default-arg","locations":[{"start":{"line":9,"column":34},"end":{"line":9,"column":36}}],"line":9},"1":{"loc":{"start":{"line":10,"column":1},"end":{"line":10,"column":64}},"type":"if","locations":[{"start":{"line":10,"column":1},"end":{"line":10,"column":64}},{"start":{},"end":{}}],"line":10},"2":{"loc":{"start":{"line":15,"column":1},"end":{"line":15,"column":33}},"type":"default-arg","locations":[{"start":{"line":15,"column":9},"end":{"line":15,"column":33}}],"line":15},"3":{"loc":{"start":{"line":16,"column":1},"end":{"line":16,"column":35}},"type":"default-arg","locations":[{"start":{"line":16,"column":10},"end":{"line":16,"column":35}}],"line":16}},"s":{"0":1,"1":1,"2":1,"3":1,"4":1,"5":1,"6":0,"7":0,"8":0,"9":1,"10":0,"11":0,"12":0,"13":0,"14":1,"15":0,"16":0,"17":1,"18":0,"19":0,"20":0,"21":1,"22":0,"23":0,"24":0,"25":1,"26":0,"27":0,"28":1},"f":{"0":0,"1":0,"2":0,"3":0,"4":0,"5":0},"b":{"0":[0],"1":[0,0],"2":[0],"3":[0]},"_coverageSchema":"1a1c01bbd47fc00a2c39e90264f33305004495a9","hash":"93b650e027f588d734e61885ab80e29ff0b315e4"}
,"C:\\Users\\Dylan\\OneDrive\\Documenten\\Academiejaar 21-22\\Web Services\\webservises2ezit\\src\\service\\character.js": {"path":"C:\\Users\\Dylan\\OneDrive\\Documenten\\Academiejaar 21-22\\Web Services\\webservises2ezit\\src\\service\\character.js","statementMap":{"0":{"start":{"line":1,"column":15},"end":{"line":1,"column":32}},"1":{"start":{"line":3,"column":27},"end":{"line":3,"column":53}},"2":{"start":{"line":4,"column":28},"end":{"line":4,"column":62}},"3":{"start":{"line":6,"column":33},"end":{"line":6,"column":63}},"4":{"start":{"line":7,"column":34},"end":{"line":7,"column":65}},"5":{"start":{"line":9,"column":17},"end":{"line":12,"column":1}},"6":{"start":{"line":10,"column":1},"end":{"line":10,"column":69}},"7":{"start":{"line":10,"column":19},"end":{"line":10,"column":69}},"8":{"start":{"line":11,"column":1},"end":{"line":11,"column":34}},"9":{"start":{"line":14,"column":15},"end":{"line":27,"column":1}},"10":{"start":{"line":18,"column":1},"end":{"line":18,"column":56}},"11":{"start":{"line":19,"column":14},"end":{"line":19,"column":66}},"12":{"start":{"line":20,"column":15},"end":{"line":20,"column":52}},"13":{"start":{"line":21,"column":1},"end":{"line":26,"column":3}},"14":{"start":{"line":29,"column":16},"end":{"line":32,"column":1}},"15":{"start":{"line":30,"column":4},"end":{"line":30,"column":49}},"16":{"start":{"line":31,"column":4},"end":{"line":31,"column":61}},"17":{"start":{"line":34,"column":15},"end":{"line":43,"column":1}},"18":{"start":{"line":35,"column":4},"end":{"line":35,"column":72}},"19":{"start":{"line":37,"column":1},"end":{"line":42,"column":4}},"20":{"start":{"line":45,"column":19},"end":{"line":54,"column":1}},"21":{"start":{"line":46,"column":4},"end":{"line":46,"column":68}},"22":{"start":{"line":48,"column":1},"end":{"line":53,"column":4}},"23":{"start":{"line":56,"column":19},"end":{"line":59,"column":1}},"24":{"start":{"line":57,"column":4},"end":{"line":57,"column":49}},"25":{"start":{"line":58,"column":4},"end":{"line":58,"column":45}},"26":{"start":{"line":61,"column":0},"end":{"line":67,"column":1}}},"fnMap":{"0":{"name":"(anonymous_0)","decl":{"start":{"line":9,"column":17},"end":{"line":9,"column":18}},"loc":{"start":{"line":9,"column":41},"end":{"line":12,"column":1}},"line":9},"1":{"name":"(anonymous_1)","decl":{"start":{"line":14,"column":15},"end":{"line":14,"column":16}},"loc":{"start":{"line":17,"column":5},"end":{"line":27,"column":1}},"line":17},"2":{"name":"(anonymous_2)","decl":{"start":{"line":29,"column":16},"end":{"line":29,"column":17}},"loc":{"start":{"line":29,"column":30},"end":{"line":32,"column":1}},"line":29},"3":{"name":"(anonymous_3)","decl":{"start":{"line":34,"column":15},"end":{"line":34,"column":16}},"loc":{"start":{"line":34,"column":58},"end":{"line":43,"column":1}},"line":34},"4":{"name":"(anonymous_4)","decl":{"start":{"line":45,"column":19},"end":{"line":45,"column":20}},"loc":{"start":{"line":45,"column":66},"end":{"line":54,"column":1}},"line":45},"5":{"name":"(anonymous_5)","decl":{"start":{"line":56,"column":19},"end":{"line":56,"column":20}},"loc":{"start":{"line":56,"column":33},"end":{"line":59,"column":1}},"line":56}},"branchMap":{"0":{"loc":{"start":{"line":9,"column":27},"end":{"line":9,"column":36}},"type":"default-arg","locations":[{"start":{"line":9,"column":34},"end":{"line":9,"column":36}}],"line":9},"1":{"loc":{"start":{"line":10,"column":1},"end":{"line":10,"column":69}},"type":"if","locations":[{"start":{"line":10,"column":1},"end":{"line":10,"column":69}},{"start":{},"end":{}}],"line":10},"2":{"loc":{"start":{"line":15,"column":4},"end":{"line":15,"column":36}},"type":"default-arg","locations":[{"start":{"line":15,"column":12},"end":{"line":15,"column":36}}],"line":15},"3":{"loc":{"start":{"line":16,"column":4},"end":{"line":16,"column":38}},"type":"default-arg","locations":[{"start":{"line":16,"column":13},"end":{"line":16,"column":38}}],"line":16}},"s":{"0":1,"1":1,"2":1,"3":1,"4":1,"5":1,"6":6,"7":1,"8":6,"9":1,"10":2,"11":2,"12":2,"13":2,"14":1,"15":1,"16":1,"17":1,"18":1,"19":1,"20":1,"21":1,"22":1,"23":1,"24":1,"25":1,"26":1},"f":{"0":6,"1":2,"2":1,"3":1,"4":1,"5":1},"b":{"0":[2],"1":[1,5],"2":[1],"3":[1]},"_coverageSchema":"1a1c01bbd47fc00a2c39e90264f33305004495a9","hash":"8aec08dfcfec7f05a0d010e45446320906d1ab15"}
,"C:\\Users\\Dylan\\OneDrive\\Documenten\\Academiejaar 21-22\\Web Services\\webservises2ezit\\src\\service\\health.js": {"path":"C:\\Users\\Dylan\\OneDrive\\Documenten\\Academiejaar 21-22\\Web Services\\webservises2ezit\\src\\service\\health.js","statementMap":{"0":{"start":{"line":1,"column":20},"end":{"line":1,"column":49}},"1":{"start":{"line":7,"column":13},"end":{"line":7,"column":35}},"2":{"start":{"line":7,"column":20},"end":{"line":7,"column":34}},"3":{"start":{"line":12,"column":19},"end":{"line":16,"column":2}},"4":{"start":{"line":12,"column":26},"end":{"line":16,"column":1}},"5":{"start":{"line":18,"column":0},"end":{"line":21,"column":2}}},"fnMap":{"0":{"name":"(anonymous_0)","decl":{"start":{"line":7,"column":13},"end":{"line":7,"column":14}},"loc":{"start":{"line":7,"column":20},"end":{"line":7,"column":34}},"line":7},"1":{"name":"(anonymous_1)","decl":{"start":{"line":12,"column":19},"end":{"line":12,"column":20}},"loc":{"start":{"line":12,"column":26},"end":{"line":16,"column":1}},"line":12}},"branchMap":{},"s":{"0":1,"1":1,"2":0,"3":1,"4":0,"5":1},"f":{"0":0,"1":0},"b":{},"_coverageSchema":"1a1c01bbd47fc00a2c39e90264f33305004495a9","hash":"de88f653e3c118142e96ccdbd51e50a41a531017"}
}
