TN:
SF:config\custom-environment-variables.js
FNF:0
FNH:0
DA:1,1
LF:1
LH:1
BRF:0
BRH:0
end_of_record
TN:
SF:config\default.js
FNF:0
FNH:0
DA:1,1
LF:1
LH:1
BRF:0
BRH:0
end_of_record
TN:
SF:config\test.js
FNF:0
FNH:0
DA:1,1
LF:1
LH:1
BRF:0
BRH:0
end_of_record
TN:
SF:src\createServer.js
FN:18,createServer
FN:32,(anonymous_1)
FN:50,(anonymous_2)
FN:53,(anonymous_3)
FN:54,(anonymous_4)
FN:60,(anonymous_5)
FNF:6
FNH:3
FNDA:1,createServer
FNDA:0,(anonymous_1)
FNDA:1,(anonymous_2)
FNDA:0,(anonymous_3)
FNDA:0,(anonymous_4)
FNDA:1,(anonymous_5)
DA:1,1
DA:2,1
DA:3,1
DA:4,1
DA:5,1
DA:6,1
DA:7,1
DA:8,1
DA:10,1
DA:11,1
DA:12,1
DA:13,1
DA:14,1
DA:15,1
DA:16,1
DA:18,1
DA:19,1
DA:26,1
DA:28,1
DA:30,1
DA:33,0
DA:34,0
DA:36,0
DA:43,1
DA:45,1
DA:47,1
DA:49,1
DA:51,1
DA:54,0
DA:55,0
DA:56,0
DA:57,0
DA:61,1
DA:62,1
DA:63,1
LF:35
LH:28
BRDA:33,0,0,0
BRDA:33,0,1,0
BRF:2
BRH:0
end_of_record
TN:
SF:src\core\logging.js
FN:9,(anonymous_0)
FN:10,(anonymous_1)
FN:14,(anonymous_2)
FN:17,(anonymous_3)
FN:23,(anonymous_4)
FN:25,(anonymous_5)
FN:26,(anonymous_6)
FN:33,(anonymous_7)
FN:41,(anonymous_8)
FN:62,(anonymous_9)
FNF:10
FNH:6
FNDA:1,(anonymous_0)
FNDA:11,(anonymous_1)
FNDA:0,(anonymous_2)
FNDA:11,(anonymous_3)
FNDA:0,(anonymous_4)
FNDA:0,(anonymous_5)
FNDA:0,(anonymous_6)
FNDA:4,(anonymous_7)
FNDA:3,(anonymous_8)
FNDA:1,(anonymous_9)
DA:2,1
DA:5,1
DA:9,1
DA:10,1
DA:12,11
DA:14,1
DA:16,0
DA:17,11
DA:18,1
DA:23,1
DA:25,0
DA:26,0
DA:27,0
DA:33,1
DA:34,4
DA:35,4
DA:41,1
DA:42,3
DA:43,3
DA:45,3
DA:62,1
DA:69,1
DA:81,1
DA:84,1
LF:24
LH:20
BRDA:11,0,0,2
BRDA:17,1,0,0
BRDA:17,1,1,11
BRDA:26,2,0,0
BRDA:26,2,1,0
BRDA:34,3,0,0
BRDA:34,3,1,4
BRDA:41,4,0,3
BRDA:46,5,0,0
BRDA:46,5,1,3
BRDA:66,6,0,0
BRDA:67,7,0,1
BRDA:72,8,0,0
BRDA:72,8,1,1
BRF:14
BRH:7
end_of_record
TN:
SF:src\data\index.js
FN:18,initializeData
FN:91,shutdownData
FN:102,getKnex
FNF:3
FNH:3
FNDA:1,initializeData
FNDA:1,shutdownData
FNDA:11,getKnex
DA:1,1
DA:2,1
DA:3,1
DA:4,1
DA:6,1
DA:7,1
DA:9,1
DA:10,1
DA:11,1
DA:12,1
DA:13,1
DA:14,1
DA:19,1
DA:20,1
DA:40,1
DA:42,1
DA:43,1
DA:44,1
DA:46,1
DA:48,1
DA:49,1
DA:50,1
DA:52,0
DA:53,0
DA:56,1
DA:57,1
DA:58,1
DA:59,1
DA:61,0
DA:66,1
DA:67,0
DA:68,0
DA:70,0
DA:74,0
DA:77,1
DA:78,0
DA:79,0
DA:81,0
DA:87,1
DA:88,1
DA:92,1
DA:94,1
DA:96,1
DA:97,1
DA:99,1
DA:103,11
DA:104,11
DA:107,1
DA:113,1
LF:49
LH:39
BRDA:66,0,0,0
BRDA:66,0,1,1
BRDA:77,1,0,0
BRDA:77,1,1,1
BRDA:103,2,0,0
BRDA:103,2,1,11
BRF:6
BRH:3
end_of_record
TN:
SF:src\repository\book.js
FN:5,(anonymous_0)
FN:16,(anonymous_1)
FN:22,(anonymous_2)
FN:28,(anonymous_3)
FN:34,(anonymous_4)
FN:59,(anonymous_5)
FN:83,(anonymous_6)
FNF:7
FNH:0
FNDA:0,(anonymous_0)
FNDA:0,(anonymous_1)
FNDA:0,(anonymous_2)
FNDA:0,(anonymous_3)
FNDA:0,(anonymous_4)
FNDA:0,(anonymous_5)
FNDA:0,(anonymous_6)
DA:1,1
DA:2,1
DA:3,1
DA:5,1
DA:9,0
DA:16,1
DA:17,0
DA:22,1
DA:23,0
DA:28,1
DA:29,0
DA:31,0
DA:34,1
DA:39,0
DA:40,0
DA:41,0
DA:49,0
DA:51,0
DA:52,0
DA:55,0
DA:59,1
DA:64,0
DA:65,0
DA:73,0
DA:75,0
DA:76,0
DA:79,0
DA:83,1
DA:84,0
DA:85,0
DA:89,0
DA:91,0
DA:92,0
DA:95,0
DA:99,1
LF:35
LH:11
BRF:0
BRH:0
end_of_record
TN:
SF:src\repository\character.js
FN:12,(anonymous_0)
FN:26,(anonymous_1)
FN:41,(anonymous_2)
FN:48,(anonymous_3)
FN:57,(anonymous_4)
FN:78,(anonymous_5)
FN:100,(anonymous_6)
FNF:7
FNH:7
FNDA:8,(anonymous_0)
FNDA:2,(anonymous_1)
FNDA:2,(anonymous_2)
FNDA:3,(anonymous_3)
FNDA:1,(anonymous_4)
FNDA:1,(anonymous_5)
FNDA:1,(anonymous_6)
DA:1,1
DA:2,1
DA:3,1
DA:5,1
DA:12,1
DA:13,8
DA:26,1
DA:30,2
DA:38,2
DA:41,1
DA:42,2
DA:45,2
DA:48,1
DA:49,3
DA:54,3
DA:57,1
DA:60,1
DA:61,1
DA:62,1
DA:70,1
DA:72,0
DA:73,0
DA:74,0
DA:78,1
DA:81,1
DA:82,1
DA:90,1
DA:92,0
DA:93,0
DA:96,0
DA:100,1
DA:101,1
DA:102,1
DA:105,1
DA:107,0
DA:108,0
DA:111,0
DA:115,1
LF:38
LH:29
BRDA:54,0,0,3
BRDA:54,0,1,3
BRF:2
BRH:2
end_of_record
TN:
SF:src\rest\_books.js
FN:4,(anonymous_0)
FN:9,(anonymous_1)
FN:15,(anonymous_2)
FN:19,(anonymous_3)
FN:23,(anonymous_4)
FN:33,(anonymous_5)
FNF:6
FNH:1
FNDA:0,(anonymous_0)
FNDA:0,(anonymous_1)
FNDA:0,(anonymous_2)
FNDA:0,(anonymous_3)
FNDA:0,(anonymous_4)
FNDA:1,(anonymous_5)
DA:1,1
DA:2,1
DA:4,1
DA:5,0
DA:6,0
DA:9,1
DA:10,0
DA:11,0
DA:12,0
DA:15,1
DA:16,0
DA:19,1
DA:20,0
DA:23,1
DA:24,0
DA:25,0
DA:33,1
DA:34,1
DA:38,1
DA:39,1
DA:40,1
DA:41,1
DA:42,1
DA:44,1
LF:24
LH:15
BRF:0
BRH:0
end_of_record
TN:
SF:src\rest\_characters.js
FN:4,(anonymous_0)
FN:10,(anonymous_1)
FN:16,(anonymous_2)
FN:20,(anonymous_3)
FN:24,(anonymous_4)
FN:34,(anonymous_5)
FNF:6
FNH:6
FNDA:2,(anonymous_0)
FNDA:1,(anonymous_1)
FNDA:1,(anonymous_2)
FNDA:1,(anonymous_3)
FNDA:1,(anonymous_4)
FNDA:1,(anonymous_5)
DA:1,1
DA:2,1
DA:4,1
DA:5,2
DA:6,2
DA:7,2
DA:10,1
DA:11,1
DA:12,1
DA:13,1
DA:16,1
DA:17,1
DA:20,1
DA:21,1
DA:24,1
DA:25,1
DA:26,1
DA:34,1
DA:35,1
DA:39,1
DA:40,1
DA:41,1
DA:42,1
DA:43,1
DA:45,1
LF:25
LH:25
BRDA:5,0,0,2
BRDA:5,0,1,1
BRDA:6,1,0,2
BRDA:6,1,1,1
BRF:4
BRH:4
end_of_record
TN:
SF:src\rest\_health.js
FN:4,(anonymous_0)
FN:8,(anonymous_1)
FN:17,installHealthRoutes
FNF:3
FNH:1
FNDA:0,(anonymous_0)
FNDA:0,(anonymous_1)
FNDA:1,installHealthRoutes
DA:1,1
DA:2,1
DA:4,1
DA:5,0
DA:8,1
DA:9,0
DA:17,1
DA:18,1
DA:22,1
DA:23,1
DA:25,1
LF:11
LH:9
BRF:0
BRH:0
end_of_record
TN:
SF:src\rest\index.js
FN:11,(anonymous_0)
FNF:1
FNH:1
FNDA:1,(anonymous_0)
DA:1,1
DA:2,1
DA:3,1
DA:4,1
DA:11,1
DA:12,1
DA:16,1
DA:17,1
DA:18,1
DA:20,1
LF:10
LH:10
BRF:0
BRH:0
end_of_record
TN:
SF:src\service\book.js
FN:9,(anonymous_0)
FN:14,(anonymous_1)
FN:27,(anonymous_2)
FN:32,(anonymous_3)
FN:38,(anonymous_4)
FN:44,(anonymous_5)
FNF:6
FNH:0
FNDA:0,(anonymous_0)
FNDA:0,(anonymous_1)
FNDA:0,(anonymous_2)
FNDA:0,(anonymous_3)
FNDA:0,(anonymous_4)
FNDA:0,(anonymous_5)
DA:1,1
DA:3,1
DA:4,1
DA:6,1
DA:7,1
DA:9,1
DA:10,0
DA:11,0
DA:14,1
DA:18,0
DA:19,0
DA:20,0
DA:21,0
DA:27,1
DA:28,0
DA:29,0
DA:32,1
DA:33,0
DA:34,0
DA:35,0
DA:38,1
DA:39,0
DA:40,0
DA:41,0
DA:44,1
DA:45,0
DA:46,0
DA:49,1
LF:28
LH:12
BRDA:9,0,0,0
BRDA:10,1,0,0
BRDA:10,1,1,0
BRDA:15,2,0,0
BRDA:16,3,0,0
BRF:5
BRH:0
end_of_record
TN:
SF:src\service\character.js
FN:9,(anonymous_0)
FN:14,(anonymous_1)
FN:29,(anonymous_2)
FN:34,(anonymous_3)
FN:45,(anonymous_4)
FN:56,(anonymous_5)
FNF:6
FNH:6
FNDA:6,(anonymous_0)
FNDA:2,(anonymous_1)
FNDA:1,(anonymous_2)
FNDA:1,(anonymous_3)
FNDA:1,(anonymous_4)
FNDA:1,(anonymous_5)
DA:1,1
DA:3,1
DA:4,1
DA:6,1
DA:7,1
DA:9,1
DA:10,6
DA:11,6
DA:14,1
DA:18,2
DA:19,2
DA:20,2
DA:21,2
DA:29,1
DA:30,1
DA:31,1
DA:34,1
DA:35,1
DA:37,1
DA:45,1
DA:46,1
DA:48,1
DA:56,1
DA:57,1
DA:58,1
DA:61,1
LF:26
LH:26
BRDA:9,0,0,2
BRDA:10,1,0,1
BRDA:10,1,1,5
BRDA:15,2,0,1
BRDA:16,3,0,1
BRF:5
BRH:5
end_of_record
TN:
SF:src\service\health.js
FN:7,(anonymous_0)
FN:12,(anonymous_1)
FNF:2
FNH:0
FNDA:0,(anonymous_0)
FNDA:0,(anonymous_1)
DA:1,1
DA:7,1
DA:12,1
DA:18,1
LF:4
LH:4
BRF:0
BRH:0
end_of_record
